<?xml version="1.0" encoding="UTF-8"?>
<robot generator="Robot 5.0.1 (Python 3.10.8 on win32)" generated="20230112 16:13:38.125" rpa="false" schemaversion="3">
<suite id="s1" name="ascanApi tests" source="C:\Users\vithor_vilas\Documents\GOworkspace\src\github.com\GO_Projects\ascan-finals\robot\ascanApi_tests.robot">
<kw name="Connect to API" library="ascanApi_resource" type="SETUP">
<kw name="Create Session" library="RequestsLibrary">
<arg>api</arg>
<arg>${URL}</arg>
<doc>Create Session: create a HTTP session to a server</doc>
<msg timestamp="20230112 16:13:38.228" level="INFO">Creating Session using : alias=api, url=http://localhost:8080, headers={},                     cookies={}, auth=None, timeout=None, proxies=None, verify=False,                     debug=0 </msg>
<status status="PASS" starttime="20230112 16:13:38.228" endtime="20230112 16:13:38.228"/>
</kw>
<kw name="Create Dictionary" library="BuiltIn">
<var>${HEADERS}</var>
<arg>content-type=application/json</arg>
<doc>Creates and returns a dictionary based on the given ``items``.</doc>
<msg timestamp="20230112 16:13:38.229" level="INFO">${HEADERS} = {'content-type': 'application/json'}</msg>
<status status="PASS" starttime="20230112 16:13:38.228" endtime="20230112 16:13:38.229"/>
</kw>
<kw name="Set Suite Variable" library="BuiltIn">
<arg>${HEADERS}</arg>
<doc>Makes a variable available everywhere within the scope of the current suite.</doc>
<msg timestamp="20230112 16:13:38.229" level="INFO">${HEADERS} = {'content-type': 'application/json'}</msg>
<status status="PASS" starttime="20230112 16:13:38.229" endtime="20230112 16:13:38.229"/>
</kw>
<status status="PASS" starttime="20230112 16:13:38.228" endtime="20230112 16:13:38.229"/>
</kw>
<test id="s1-t1" name="GET all the users" line="12">
<kw name="Get Request: All the users" library="ascanApi_resource">
<kw name="GET On Session" library="RequestsLibrary">
<var>${ANSWER}</var>
<arg>api</arg>
<arg>/user</arg>
<doc>Sends a GET request on a previously created HTTP Session.</doc>
<msg timestamp="20230112 16:13:38.240" level="INFO">GET Request : url=http://localhost:8080/user 
 path_url=/user 
 headers={'User-Agent': 'python-requests/2.28.1', 'Accept-Encoding': 'gzip, deflate', 'Accept': '*/*', 'Connection': 'keep-alive'} 
 body=None 
 </msg>
<msg timestamp="20230112 16:13:38.240" level="INFO">GET Response : url=http://localhost:8080/user 
 status=200, reason=OK 
 headers={'Content-Type': 'application/json; charset=utf-8', 'Date': 'Thu, 12 Jan 2023 19:13:38 GMT', 'Content-Length': '1618'} 
 body={"data":[{"id":7,"username":"batman","firsName":"Bruce","lastName":"Wayne","email":"Batmovel@exemplo.com","password":"coringa","phone":"7777-7777","userStatus":0},{"id":6,"username":"vito_santos","firsName":"Vithor","lastName":"Santos","email":"voltando@gmail.com","password":"testando123","phone":"98125-5647","userStatus":1},{"id":8,"username":"isaac_newton","firsName":"Isaac","lastName":"Newton","email":"gravidade@exemplo.com","password":"inercia123","phone":"97654-2543","userStatus":0},{"id":29,"username":"teste","firsName":"teste","lastName":"teste","email":"testando@exemplo.com","password":"testedeAPI","phone":"77777-7777","userStatus":0},{"id":30,"username":"teste","firsName":"teste","lastName":"teste","email":"testando@exemplo.com","password":"testedeAPI","phone":"77777-7777","userStatus":0},{"id":34,"username":"teste","firsName":"teste","lastName":"teste","email":"testando@exemplo.com","password":"testedeAPI","phone":"77777-7777","userStatus":0},{"id":35,"username":"teste","firsName":"teste","lastName":"teste","email":"testando@exemplo.com","password":"testedeAPI","phone":"77777-7777","userStatus":0},{"id":3,"username":"david_malan","firsName":"David","lastName":"Malan","email":"cs50@exemplo.com","password":"This-Is-CS50","phone":"85 98123-5647","userStatus":0},{"id":38,"username":"teste","firsName":"teste","lastName":"teste","email":"testando@exemplo.com","password":"testedeAPI","phone":"77777-7777","userStatus":0},{"id":10,"username":"Isaac_newton123","firsName":"teste","lastName":"Newton","email":"gravidade@exemplo.com","password":"testedeAPI","phone":"77777-7777","userStatus":0}]} 
 </msg>
<msg timestamp="20230112 16:13:38.240" level="INFO">${ANSWER} = &lt;Response [200]&gt;</msg>
<status status="PASS" starttime="20230112 16:13:38.230" endtime="20230112 16:13:38.240"/>
</kw>
<kw name="Log" library="BuiltIn">
<arg>${ANSWER.json()}</arg>
<doc>Logs the given message with the given level.</doc>
<msg timestamp="20230112 16:13:38.241" level="INFO">{'data': [{'id': 7, 'username': 'batman', 'firsName': 'Bruce', 'lastName': 'Wayne', 'email': 'Batmovel@exemplo.com', 'password': 'coringa', 'phone': '7777-7777', 'userStatus': 0}, {'id': 6, 'username': 'vito_santos', 'firsName': 'Vithor', 'lastName': 'Santos', 'email': 'voltando@gmail.com', 'password': 'testando123', 'phone': '98125-5647', 'userStatus': 1}, {'id': 8, 'username': 'isaac_newton', 'firsName': 'Isaac', 'lastName': 'Newton', 'email': 'gravidade@exemplo.com', 'password': 'inercia123', 'phone': '97654-2543', 'userStatus': 0}, {'id': 29, 'username': 'teste', 'firsName': 'teste', 'lastName': 'teste', 'email': 'testando@exemplo.com', 'password': 'testedeAPI', 'phone': '77777-7777', 'userStatus': 0}, {'id': 30, 'username': 'teste', 'firsName': 'teste', 'lastName': 'teste', 'email': 'testando@exemplo.com', 'password': 'testedeAPI', 'phone': '77777-7777', 'userStatus': 0}, {'id': 34, 'username': 'teste', 'firsName': 'teste', 'lastName': 'teste', 'email': 'testando@exemplo.com', 'password': 'testedeAPI', 'phone': '77777-7777', 'userStatus': 0}, {'id': 35, 'username': 'teste', 'firsName': 'teste', 'lastName': 'teste', 'email': 'testando@exemplo.com', 'password': 'testedeAPI', 'phone': '77777-7777', 'userStatus': 0}, {'id': 3, 'username': 'david_malan', 'firsName': 'David', 'lastName': 'Malan', 'email': 'cs50@exemplo.com', 'password': 'This-Is-CS50', 'phone': '85 98123-5647', 'userStatus': 0}, {'id': 38, 'username': 'teste', 'firsName': 'teste', 'lastName': 'teste', 'email': 'testando@exemplo.com', 'password': 'testedeAPI', 'phone': '77777-7777', 'userStatus': 0}, {'id': 10, 'username': 'Isaac_newton123', 'firsName': 'teste', 'lastName': 'Newton', 'email': 'gravidade@exemplo.com', 'password': 'testedeAPI', 'phone': '77777-7777', 'userStatus': 0}]}</msg>
<status status="PASS" starttime="20230112 16:13:38.240" endtime="20230112 16:13:38.241"/>
</kw>
<kw name="Set Test Variable" library="BuiltIn">
<arg>${ANSWER}</arg>
<doc>Makes a variable available everywhere within the scope of the current test.</doc>
<msg timestamp="20230112 16:13:38.241" level="INFO">${ANSWER} = &lt;Response [200]&gt;</msg>
<status status="PASS" starttime="20230112 16:13:38.241" endtime="20230112 16:13:38.241"/>
</kw>
<status status="PASS" starttime="20230112 16:13:38.230" endtime="20230112 16:13:38.241"/>
</kw>
<kw name="Check status_code" library="ascanApi_resource">
<arg>200</arg>
<kw name="Should Be Equal As Numbers" library="BuiltIn">
<arg>${ANSWER.status_code}</arg>
<arg>${STATUS_CODE}</arg>
<doc>Fails if objects are unequal after converting them to real numbers.</doc>
<msg timestamp="20230112 16:13:38.242" level="INFO">Argument types are:
&lt;class 'int'&gt;
&lt;class 'str'&gt;</msg>
<status status="PASS" starttime="20230112 16:13:38.242" endtime="20230112 16:13:38.242"/>
</kw>
<status status="PASS" starttime="20230112 16:13:38.242" endtime="20230112 16:13:38.242"/>
</kw>
<kw name="Check reason" library="ascanApi_resource">
<arg>OK</arg>
<kw name="Should Be Equal" library="BuiltIn">
<arg>${ANSWER.reason}</arg>
<arg>${REASON}</arg>
<doc>Fails if the given objects are unequal.</doc>
<status status="PASS" starttime="20230112 16:13:38.243" endtime="20230112 16:13:38.243"/>
</kw>
<status status="PASS" starttime="20230112 16:13:38.243" endtime="20230112 16:13:38.243"/>
</kw>
<kw name="Check content is not empty" library="ascanApi_resource">
<kw name="Should Not Be Empty" library="BuiltIn">
<arg>${ANSWER.content}</arg>
<doc>Verifies that the given item is not empty.</doc>
<msg timestamp="20230112 16:13:38.244" level="INFO">Length is 1618</msg>
<status status="PASS" starttime="20230112 16:13:38.244" endtime="20230112 16:13:38.244"/>
</kw>
<status status="PASS" starttime="20230112 16:13:38.244" endtime="20230112 16:13:38.244"/>
</kw>
<status status="PASS" starttime="20230112 16:13:38.230" endtime="20230112 16:13:38.244"/>
</test>
<test id="s1-t2" name="GET specific user" line="17">
<kw name="get Request: get user by username &quot;vito_santos&quot;" library="ascanApi_resource" sourcename="Get Request: get user by username &quot;${USERNAME}&quot;">
<kw name="GET On Session" library="RequestsLibrary">
<var>${ANSWER}</var>
<arg>api</arg>
<arg>/user/${USERNAME}</arg>
<doc>Sends a GET request on a previously created HTTP Session.</doc>
<msg timestamp="20230112 16:13:38.249" level="INFO">GET Request : url=http://localhost:8080/user/vito_santos 
 path_url=/user/vito_santos 
 headers={'User-Agent': 'python-requests/2.28.1', 'Accept-Encoding': 'gzip, deflate', 'Accept': '*/*', 'Connection': 'keep-alive'} 
 body=None 
 </msg>
<msg timestamp="20230112 16:13:38.249" level="INFO">GET Response : url=http://localhost:8080/user/vito_santos 
 status=200, reason=OK 
 headers={'Content-Type': 'application/json; charset=utf-8', 'Date': 'Thu, 12 Jan 2023 19:13:38 GMT', 'Content-Length': '172'} 
 body={"data":{"id":6,"username":"vito_santos","firsName":"Vithor","lastName":"Santos","email":"voltando@gmail.com","password":"testando123","phone":"98125-5647","userStatus":1}} 
 </msg>
<msg timestamp="20230112 16:13:38.249" level="INFO">${ANSWER} = &lt;Response [200]&gt;</msg>
<status status="PASS" starttime="20230112 16:13:38.245" endtime="20230112 16:13:38.249"/>
</kw>
<kw name="Log" library="BuiltIn">
<arg>${ANSWER.text}</arg>
<doc>Logs the given message with the given level.</doc>
<msg timestamp="20230112 16:13:38.250" level="INFO">{"data":{"id":6,"username":"vito_santos","firsName":"Vithor","lastName":"Santos","email":"voltando@gmail.com","password":"testando123","phone":"98125-5647","userStatus":1}}</msg>
<status status="PASS" starttime="20230112 16:13:38.249" endtime="20230112 16:13:38.250"/>
</kw>
<kw name="Set Test Variable" library="BuiltIn">
<arg>${ANSWER}</arg>
<doc>Makes a variable available everywhere within the scope of the current test.</doc>
<msg timestamp="20230112 16:13:38.250" level="INFO">${ANSWER} = &lt;Response [200]&gt;</msg>
<status status="PASS" starttime="20230112 16:13:38.250" endtime="20230112 16:13:38.250"/>
</kw>
<status status="PASS" starttime="20230112 16:13:38.245" endtime="20230112 16:13:38.250"/>
</kw>
<kw name="Check status_code" library="ascanApi_resource">
<arg>200</arg>
<kw name="Should Be Equal As Numbers" library="BuiltIn">
<arg>${ANSWER.status_code}</arg>
<arg>${STATUS_CODE}</arg>
<doc>Fails if objects are unequal after converting them to real numbers.</doc>
<msg timestamp="20230112 16:13:38.252" level="INFO">Argument types are:
&lt;class 'int'&gt;
&lt;class 'str'&gt;</msg>
<status status="PASS" starttime="20230112 16:13:38.251" endtime="20230112 16:13:38.252"/>
</kw>
<status status="PASS" starttime="20230112 16:13:38.251" endtime="20230112 16:13:38.252"/>
</kw>
<kw name="Check reason" library="ascanApi_resource">
<arg>OK</arg>
<kw name="Should Be Equal" library="BuiltIn">
<arg>${ANSWER.reason}</arg>
<arg>${REASON}</arg>
<doc>Fails if the given objects are unequal.</doc>
<status status="PASS" starttime="20230112 16:13:38.253" endtime="20230112 16:13:38.253"/>
</kw>
<status status="PASS" starttime="20230112 16:13:38.252" endtime="20230112 16:13:38.253"/>
</kw>
<status status="PASS" starttime="20230112 16:13:38.245" endtime="20230112 16:13:38.254"/>
</test>
<test id="s1-t3" name="POST create user" line="23">
<kw name="Post Request: Create user" library="ascanApi_resource">
<kw name="POST On Session" library="RequestsLibrary">
<var>${ANSWER}</var>
<arg>api</arg>
<arg>/user</arg>
<arg>data={"id": 100,"username": "teste","firsName": "teste","lastName": "teste","email": "testando@exemplo.com","password": "testedeAPI","phone": "77777-7777","userStatus": 0}</arg>
<arg>headers=${HEADERS}</arg>
<doc>Sends a POST request on a previously created HTTP Session.</doc>
<msg timestamp="20230112 16:13:38.257" level="INFO">POST Request : url=http://localhost:8080/user 
 path_url=/user 
 headers={'User-Agent': 'python-requests/2.28.1', 'Accept-Encoding': 'gzip, deflate', 'Accept': '*/*', 'Connection': 'keep-alive', 'content-type': 'application/json', 'Content-Length': '166'} 
 body={"id": 100,"username": "teste","firsName": "teste","lastName": "teste","email": "testando@exemplo.com","password": "testedeAPI","phone": "77777-7777","userStatus": 0} 
 </msg>
<msg timestamp="20230112 16:13:38.257" level="INFO">POST Response : url=http://localhost:8080/user 
 status=200, reason=OK 
 headers={'Content-Type': 'application/json; charset=utf-8', 'Date': 'Thu, 12 Jan 2023 19:13:38 GMT', 'Content-Length': '166'} 
 body={"data":{"id":39,"username":"teste","firsName":"teste","lastName":"teste","email":"testando@exemplo.com","password":"testedeAPI","phone":"77777-7777","userStatus":0}} 
 </msg>
<msg timestamp="20230112 16:13:38.257" level="INFO">${ANSWER} = &lt;Response [200]&gt;</msg>
<status status="PASS" starttime="20230112 16:13:38.255" endtime="20230112 16:13:38.257"/>
</kw>
<kw name="Log" library="BuiltIn">
<arg>${ANSWER.text}</arg>
<doc>Logs the given message with the given level.</doc>
<msg timestamp="20230112 16:13:38.258" level="INFO">{"data":{"id":39,"username":"teste","firsName":"teste","lastName":"teste","email":"testando@exemplo.com","password":"testedeAPI","phone":"77777-7777","userStatus":0}}</msg>
<status status="PASS" starttime="20230112 16:13:38.257" endtime="20230112 16:13:38.258"/>
</kw>
<kw name="Set Test Variable" library="BuiltIn">
<arg>${ANSWER}</arg>
<doc>Makes a variable available everywhere within the scope of the current test.</doc>
<msg timestamp="20230112 16:13:38.258" level="INFO">${ANSWER} = &lt;Response [200]&gt;</msg>
<status status="PASS" starttime="20230112 16:13:38.258" endtime="20230112 16:13:38.258"/>
</kw>
<status status="PASS" starttime="20230112 16:13:38.255" endtime="20230112 16:13:38.258"/>
</kw>
<kw name="Check status_code" library="ascanApi_resource">
<arg>200</arg>
<kw name="Should Be Equal As Numbers" library="BuiltIn">
<arg>${ANSWER.status_code}</arg>
<arg>${STATUS_CODE}</arg>
<doc>Fails if objects are unequal after converting them to real numbers.</doc>
<msg timestamp="20230112 16:13:38.259" level="INFO">Argument types are:
&lt;class 'int'&gt;
&lt;class 'str'&gt;</msg>
<status status="PASS" starttime="20230112 16:13:38.258" endtime="20230112 16:13:38.259"/>
</kw>
<status status="PASS" starttime="20230112 16:13:38.258" endtime="20230112 16:13:38.259"/>
</kw>
<kw name="Check reason" library="ascanApi_resource">
<arg>OK</arg>
<kw name="Should Be Equal" library="BuiltIn">
<arg>${ANSWER.reason}</arg>
<arg>${REASON}</arg>
<doc>Fails if the given objects are unequal.</doc>
<status status="PASS" starttime="20230112 16:13:38.259" endtime="20230112 16:13:38.260"/>
</kw>
<status status="PASS" starttime="20230112 16:13:38.259" endtime="20230112 16:13:38.261"/>
</kw>
<kw name="Check content is not empty" library="ascanApi_resource">
<kw name="Should Not Be Empty" library="BuiltIn">
<arg>${ANSWER.content}</arg>
<doc>Verifies that the given item is not empty.</doc>
<msg timestamp="20230112 16:13:38.262" level="INFO">Length is 166</msg>
<status status="PASS" starttime="20230112 16:13:38.261" endtime="20230112 16:13:38.262"/>
</kw>
<status status="PASS" starttime="20230112 16:13:38.261" endtime="20230112 16:13:38.262"/>
</kw>
<status status="PASS" starttime="20230112 16:13:38.254" endtime="20230112 16:13:38.262"/>
</test>
<test id="s1-t4" name="PUT update user" line="29">
<kw name="Update user &quot;${UPDATE_USER}&quot;" library="ascanApi_resource" sourcename="Update user &quot;${USER_ID}&quot;">
<kw name="PUT On Session" library="RequestsLibrary">
<var>${ANSWER}</var>
<arg>api</arg>
<arg>/user/${USER_ID}</arg>
<arg>data={"username": "${USER_1.Username}","firstName": "${USER_1.FirsName}","lastName": "${USER_1.LastName}","email": "${USER_1.Email}"}</arg>
<arg>headers=${HEADERS}</arg>
<doc>Sends a PUT request on a previously created HTTP Session.</doc>
<msg timestamp="20230112 16:13:38.269" level="INFO">PUT Request : url=http://localhost:8080/user/10 
 path_url=/user/10 
 headers={'User-Agent': 'python-requests/2.28.1', 'Accept-Encoding': 'gzip, deflate', 'Accept': '*/*', 'Connection': 'keep-alive', 'content-type': 'application/json', 'Content-Length': '106'} 
 body={"username": "Isaac_newton123","firstName": "Isaac","lastName": "Newton","email": "gravidade@exemplo.com"} 
 </msg>
<msg timestamp="20230112 16:13:38.269" level="INFO">PUT Response : url=http://localhost:8080/user/10 
 status=200, reason=OK 
 headers={'Content-Type': 'application/json; charset=utf-8', 'Date': 'Thu, 12 Jan 2023 19:13:38 GMT', 'Content-Length': '178'} 
 body={"post":{"id":10,"username":"Isaac_newton123","firsName":"teste","lastName":"Newton","email":"gravidade@exemplo.com","password":"testedeAPI","phone":"77777-7777","userStatus":0}} 
 </msg>
<msg timestamp="20230112 16:13:38.269" level="INFO">${ANSWER} = &lt;Response [200]&gt;</msg>
<status status="PASS" starttime="20230112 16:13:38.263" endtime="20230112 16:13:38.269"/>
</kw>
<kw name="Log" library="BuiltIn">
<arg>${ANSWER.text}</arg>
<doc>Logs the given message with the given level.</doc>
<msg timestamp="20230112 16:13:38.270" level="INFO">{"post":{"id":10,"username":"Isaac_newton123","firsName":"teste","lastName":"Newton","email":"gravidade@exemplo.com","password":"testedeAPI","phone":"77777-7777","userStatus":0}}</msg>
<status status="PASS" starttime="20230112 16:13:38.270" endtime="20230112 16:13:38.270"/>
</kw>
<kw name="Set Test Variable" library="BuiltIn">
<arg>${ANSWER}</arg>
<doc>Makes a variable available everywhere within the scope of the current test.</doc>
<msg timestamp="20230112 16:13:38.271" level="INFO">${ANSWER} = &lt;Response [200]&gt;</msg>
<status status="PASS" starttime="20230112 16:13:38.271" endtime="20230112 16:13:38.271"/>
</kw>
<status status="PASS" starttime="20230112 16:13:38.263" endtime="20230112 16:13:38.271"/>
</kw>
<kw name="Check status_code" library="ascanApi_resource">
<arg>200</arg>
<kw name="Should Be Equal As Numbers" library="BuiltIn">
<arg>${ANSWER.status_code}</arg>
<arg>${STATUS_CODE}</arg>
<doc>Fails if objects are unequal after converting them to real numbers.</doc>
<msg timestamp="20230112 16:13:38.272" level="INFO">Argument types are:
&lt;class 'int'&gt;
&lt;class 'str'&gt;</msg>
<status status="PASS" starttime="20230112 16:13:38.272" endtime="20230112 16:13:38.272"/>
</kw>
<status status="PASS" starttime="20230112 16:13:38.271" endtime="20230112 16:13:38.272"/>
</kw>
<kw name="Check reason" library="ascanApi_resource">
<arg>OK</arg>
<kw name="Should Be Equal" library="BuiltIn">
<arg>${ANSWER.reason}</arg>
<arg>${REASON}</arg>
<doc>Fails if the given objects are unequal.</doc>
<status status="PASS" starttime="20230112 16:13:38.273" endtime="20230112 16:13:38.274"/>
</kw>
<status status="PASS" starttime="20230112 16:13:38.273" endtime="20230112 16:13:38.274"/>
</kw>
<status status="PASS" starttime="20230112 16:13:38.263" endtime="20230112 16:13:38.275"/>
</test>
<test id="s1-t5" name="DELETE user" line="34">
<kw name="Delete user &quot;${DELETE_USER_ID}&quot;" library="ascanApi_resource" sourcename="Delete User &quot;${ID_USER}&quot;">
<kw name="DELETE On Session" library="RequestsLibrary">
<var>${ANSWER}</var>
<arg>api</arg>
<arg>user/${ID_USER}</arg>
<doc>Sends a DELETE request on a previously created HTTP Session.</doc>
<msg timestamp="20230112 16:13:38.279" level="INFO">DELETE Request : url=http://localhost:8080/user/35 
 path_url=/user/35 
 headers={'User-Agent': 'python-requests/2.28.1', 'Accept-Encoding': 'gzip, deflate', 'Accept': '*/*', 'Connection': 'keep-alive', 'Content-Length': '0'} 
 body=None 
 </msg>
<msg timestamp="20230112 16:13:38.279" level="INFO">DELETE Response : url=http://localhost:8080/user/35 
 status=200, reason=OK 
 headers={'Content-Type': 'application/json; charset=utf-8', 'Date': 'Thu, 12 Jan 2023 19:13:38 GMT', 'Content-Length': '13'} 
 body={"data":true} 
 </msg>
<msg timestamp="20230112 16:13:38.279" level="INFO">${ANSWER} = &lt;Response [200]&gt;</msg>
<status status="PASS" starttime="20230112 16:13:38.275" endtime="20230112 16:13:38.279"/>
</kw>
<kw name="Log" library="BuiltIn">
<arg>${ANSWER.text}</arg>
<doc>Logs the given message with the given level.</doc>
<msg timestamp="20230112 16:13:38.279" level="INFO">{"data":true}</msg>
<status status="PASS" starttime="20230112 16:13:38.279" endtime="20230112 16:13:38.279"/>
</kw>
<kw name="Set Test Variable" library="BuiltIn">
<arg>${ANSWER}</arg>
<doc>Makes a variable available everywhere within the scope of the current test.</doc>
<msg timestamp="20230112 16:13:38.280" level="INFO">${ANSWER} = &lt;Response [200]&gt;</msg>
<status status="PASS" starttime="20230112 16:13:38.280" endtime="20230112 16:13:38.280"/>
</kw>
<status status="PASS" starttime="20230112 16:13:38.275" endtime="20230112 16:13:38.280"/>
</kw>
<kw name="Check status_code" library="ascanApi_resource">
<arg>200</arg>
<kw name="Should Be Equal As Numbers" library="BuiltIn">
<arg>${ANSWER.status_code}</arg>
<arg>${STATUS_CODE}</arg>
<doc>Fails if objects are unequal after converting them to real numbers.</doc>
<msg timestamp="20230112 16:13:38.281" level="INFO">Argument types are:
&lt;class 'int'&gt;
&lt;class 'str'&gt;</msg>
<status status="PASS" starttime="20230112 16:13:38.280" endtime="20230112 16:13:38.281"/>
</kw>
<status status="PASS" starttime="20230112 16:13:38.280" endtime="20230112 16:13:38.281"/>
</kw>
<kw name="Check reason" library="ascanApi_resource">
<arg>OK</arg>
<kw name="Should Be Equal" library="BuiltIn">
<arg>${ANSWER.reason}</arg>
<arg>${REASON}</arg>
<doc>Fails if the given objects are unequal.</doc>
<status status="PASS" starttime="20230112 16:13:38.281" endtime="20230112 16:13:38.282"/>
</kw>
<status status="PASS" starttime="20230112 16:13:38.281" endtime="20230112 16:13:38.282"/>
</kw>
<kw name="Check if &quot;${DELETE_USER_ID}&quot; is empty" library="ascanApi_resource" sourcename="Check if &quot;${ID_USER}&quot; is empty">
<kw name="Should Be True" library="BuiltIn">
<arg>${ANSWER.json()}</arg>
<doc>Fails if the given condition is not true.</doc>
<status status="PASS" starttime="20230112 16:13:38.282" endtime="20230112 16:13:38.283"/>
</kw>
<status status="PASS" starttime="20230112 16:13:38.282" endtime="20230112 16:13:38.283"/>
</kw>
<status status="PASS" starttime="20230112 16:13:38.275" endtime="20230112 16:13:38.283"/>
</test>
<doc>This is a test suite for testing the API requests functionality</doc>
<status status="PASS" starttime="20230112 16:13:38.127" endtime="20230112 16:13:38.284"/>
</suite>
<statistics>
<total>
<stat pass="5" fail="0" skip="0">All Tests</stat>
</total>
<tag>
</tag>
<suite>
<stat pass="5" fail="0" skip="0" id="s1" name="ascanApi tests">ascanApi tests</stat>
</suite>
</statistics>
<errors>
</errors>
</robot>
